detect obd every 60 seconds 

Can't connect RFCOMM socket: Device or resource busy
bluetooth connnected ok \n
script excuted normally 
scipt exit status: 0 

detect obd every 60 seconds 

Can't connect RFCOMM socket: Device or resource busy
bluetooth connnected ok \n
script excuted normally 
scipt exit status: 0 


 detect obd every 60 seconds 

Can't connect RFCOMM socket: Device or resource busy
bluetooth connnected ok \n
script excuted normally 
scipt exit status: 0 


 detect obd every 60 seconds 

Can't connect RFCOMM socket: Device or resource busy
bluetooth connnected ok \n
script excuted normally 
scipt exit status: 0 


 detect obd every 60 seconds 

Can't connect RFCOMM socket: Device or resource busy
bluetooth connnected ok \n
script excuted normally 
scipt exit status: 0 


 detect obd every 60 seconds 

Can't connect RFCOMM socket: Device or resource busy
bluetooth connnected ok \n
script excuted normally 
scipt exit status: 0 



